Running: C:\Xilinx\14.7\ISE_DS\ISE\bin\nt64\unwrapped\fuse.exe -intstyle ise -incremental -lib unisims_ver -lib unimacro_ver -lib xilinxcorelib_ver -o E:/IMPORTANT_FILE/ISE_FOR_PROJECT/P7/P7_CPU_eret_stall_1228upload/mips_txt_isim_beh.exe -prj E:/IMPORTANT_FILE/ISE_FOR_PROJECT/P7/P7_CPU_eret_stall_1228upload/mips_txt_beh.prj work.mips_txt work.glbl 
ISim P.20131013 (signature 0x7708f090)
Number of CPUs detected in this system: 12
Turning on mult-threading, number of parallel sub-compilation jobs: 24 
Determining compilation order of HDL files
Analyzing Verilog file "E:/IMPORTANT_FILE/ISE_FOR_PROJECT/P7/P7_CPU_eret_stall_1228upload/DECODER.v" into library work
Analyzing Verilog file "E:/IMPORTANT_FILE/ISE_FOR_PROJECT/P7/P7_CPU_eret_stall_1228upload/W.v" into library work
Analyzing Verilog file "E:/IMPORTANT_FILE/ISE_FOR_PROJECT/P7/P7_CPU_eret_stall_1228upload/PC.v" into library work
Analyzing Verilog file "E:/IMPORTANT_FILE/ISE_FOR_PROJECT/P7/P7_CPU_eret_stall_1228upload/NPC.v" into library work
Analyzing Verilog file "E:/IMPORTANT_FILE/ISE_FOR_PROJECT/P7/P7_CPU_eret_stall_1228upload/MUX.v" into library work
Analyzing Verilog file "E:/IMPORTANT_FILE/ISE_FOR_PROJECT/P7/P7_CPU_eret_stall_1228upload/MDU.v" into library work
Analyzing Verilog file "E:/IMPORTANT_FILE/ISE_FOR_PROJECT/P7/P7_CPU_eret_stall_1228upload/M.v" into library work
Analyzing Verilog file "E:/IMPORTANT_FILE/ISE_FOR_PROJECT/P7/P7_CPU_eret_stall_1228upload/GRF.v" into library work
Analyzing Verilog file "E:/IMPORTANT_FILE/ISE_FOR_PROJECT/P7/P7_CPU_eret_stall_1228upload/Forward_MUX.v" into library work
Analyzing Verilog file "E:/IMPORTANT_FILE/ISE_FOR_PROJECT/P7/P7_CPU_eret_stall_1228upload/EXT.v" into library work
Analyzing Verilog file "E:/IMPORTANT_FILE/ISE_FOR_PROJECT/P7/P7_CPU_eret_stall_1228upload/E.v" into library work
Analyzing Verilog file "E:/IMPORTANT_FILE/ISE_FOR_PROJECT/P7/P7_CPU_eret_stall_1228upload/DM_EXT.v" into library work
Analyzing Verilog file "E:/IMPORTANT_FILE/ISE_FOR_PROJECT/P7/P7_CPU_eret_stall_1228upload/D.v" into library work
Analyzing Verilog file "E:/IMPORTANT_FILE/ISE_FOR_PROJECT/P7/P7_CPU_eret_stall_1228upload/CP0.v" into library work
Analyzing Verilog file "E:/IMPORTANT_FILE/ISE_FOR_PROJECT/P7/P7_CPU_eret_stall_1228upload/CMP.v" into library work
Analyzing Verilog file "E:/IMPORTANT_FILE/ISE_FOR_PROJECT/P7/P7_CPU_eret_stall_1228upload/BE.v" into library work
Analyzing Verilog file "E:/IMPORTANT_FILE/ISE_FOR_PROJECT/P7/P7_CPU_eret_stall_1228upload/ALU.v" into library work
Analyzing Verilog file "E:/IMPORTANT_FILE/ISE_FOR_PROJECT/P7/P7_CPU_eret_stall_1228upload/STALL_CONTROLL.v" into library work
Analyzing Verilog file "E:/IMPORTANT_FILE/ISE_FOR_PROJECT/P7/P7_CPU_eret_stall_1228upload/FORWARD_CONTROLL.v" into library work
Analyzing Verilog file "E:/IMPORTANT_FILE/ISE_FOR_PROJECT/P7/P7_CPU_eret_stall_1228upload/DATAPATH.v" into library work
Analyzing Verilog file "E:/IMPORTANT_FILE/ISE_FOR_PROJECT/P7/P7_CPU_eret_stall_1228upload/TC.v" into library work
Analyzing Verilog file "E:/IMPORTANT_FILE/ISE_FOR_PROJECT/P7/P7_CPU_eret_stall_1228upload/CPU.v" into library work
Analyzing Verilog file "E:/IMPORTANT_FILE/ISE_FOR_PROJECT/P7/P7_CPU_eret_stall_1228upload/Bridge.v" into library work
Analyzing Verilog file "E:/IMPORTANT_FILE/ISE_FOR_PROJECT/P7/P7_CPU_eret_stall_1228upload/mips.v" into library work
Analyzing Verilog file "E:/IMPORTANT_FILE/ISE_FOR_PROJECT/P7/P7_CPU_eret_stall_1228upload/tb.v" into library work
Analyzing Verilog file "C:/Xilinx/14.7/ISE_DS/ISE//verilog/src/glbl.v" into library work
Starting static elaboration
WARNING:HDLCompiler:1016 - "E:/IMPORTANT_FILE/ISE_FOR_PROJECT/P7/P7_CPU_eret_stall_1228upload/DATAPATH.v" Line 134: Port REGorMEM is not connected to this instance
WARNING:HDLCompiler:1016 - "E:/IMPORTANT_FILE/ISE_FOR_PROJECT/P7/P7_CPU_eret_stall_1228upload/DATAPATH.v" Line 254: Port REGorMEM is not connected to this instance
WARNING:HDLCompiler:1016 - "E:/IMPORTANT_FILE/ISE_FOR_PROJECT/P7/P7_CPU_eret_stall_1228upload/DATAPATH.v" Line 285: Port in1 is not connected to this instance
WARNING:HDLCompiler:1016 - "E:/IMPORTANT_FILE/ISE_FOR_PROJECT/P7/P7_CPU_eret_stall_1228upload/DATAPATH.v" Line 308: Port in2 is not connected to this instance
WARNING:HDLCompiler:1016 - "E:/IMPORTANT_FILE/ISE_FOR_PROJECT/P7/P7_CPU_eret_stall_1228upload/DATAPATH.v" Line 391: Port REGorMEM is not connected to this instance
WARNING:HDLCompiler:1016 - "E:/IMPORTANT_FILE/ISE_FOR_PROJECT/P7/P7_CPU_eret_stall_1228upload/DATAPATH.v" Line 498: Port MemWrite is not connected to this instance
WARNING:HDLCompiler:1016 - "E:/IMPORTANT_FILE/ISE_FOR_PROJECT/P7/P7_CPU_eret_stall_1228upload/DATAPATH.v" Line 514: Port in5 is not connected to this instance
WARNING:HDLCompiler:1016 - "E:/IMPORTANT_FILE/ISE_FOR_PROJECT/P7/P7_CPU_eret_stall_1228upload/BE.v" Line 15: Port REGorMEM is not connected to this instance
WARNING:HDLCompiler:1016 - "E:/IMPORTANT_FILE/ISE_FOR_PROJECT/P7/P7_CPU_eret_stall_1228upload/DM_EXT.v" Line 14: Port REGorMEM is not connected to this instance
WARNING:HDLCompiler:1016 - "E:/IMPORTANT_FILE/ISE_FOR_PROJECT/P7/P7_CPU_eret_stall_1228upload/STALL_CONTROLL.v" Line 34: Port REGorMEM is not connected to this instance
WARNING:HDLCompiler:1016 - "E:/IMPORTANT_FILE/ISE_FOR_PROJECT/P7/P7_CPU_eret_stall_1228upload/STALL_CONTROLL.v" Line 48: Port REGorMEM is not connected to this instance
WARNING:HDLCompiler:1016 - "E:/IMPORTANT_FILE/ISE_FOR_PROJECT/P7/P7_CPU_eret_stall_1228upload/STALL_CONTROLL.v" Line 55: Port REGorMEM is not connected to this instance
WARNING:HDLCompiler:1016 - "E:/IMPORTANT_FILE/ISE_FOR_PROJECT/P7/P7_CPU_eret_stall_1228upload/STALL_CONTROLL.v" Line 62: Port REGorMEM is not connected to this instance
WARNING:HDLCompiler:1016 - "E:/IMPORTANT_FILE/ISE_FOR_PROJECT/P7/P7_CPU_eret_stall_1228upload/FORWARD_CONTROLL.v" Line 20: Port REGorMEM is not connected to this instance
WARNING:HDLCompiler:1016 - "E:/IMPORTANT_FILE/ISE_FOR_PROJECT/P7/P7_CPU_eret_stall_1228upload/FORWARD_CONTROLL.v" Line 28: Port REGorMEM is not connected to this instance
WARNING:HDLCompiler:1016 - "E:/IMPORTANT_FILE/ISE_FOR_PROJECT/P7/P7_CPU_eret_stall_1228upload/FORWARD_CONTROLL.v" Line 36: Port REGorMEM is not connected to this instance
WARNING:HDLCompiler:1016 - "E:/IMPORTANT_FILE/ISE_FOR_PROJECT/P7/P7_CPU_eret_stall_1228upload/FORWARD_CONTROLL.v" Line 45: Port REGorMEM is not connected to this instance
Completed static elaboration
Compiling module PC
Compiling module REG_D
Compiling module DECODER
Compiling module GRF
Compiling module MF_GRFRD1_D
Compiling module MF_GRFRD2_D
Compiling module CMP
Compiling module EXT
Compiling module NPC
Compiling module REG_E
Compiling module MF_ALUA_E
Compiling module MUX_ALUSrcA
Compiling module MF_ALUB_E
Compiling module MUX_ALUSrcB
Compiling module ALU
Compiling module MDU
Compiling module MF_MemData_E
Compiling module REG_M
Compiling module MF_DMWD_M
Compiling module BE
Compiling module DM_EXT
Compiling module CP0
Compiling module REG_W
Compiling module MUX_REGorMEM_Result
Compiling module MUX_RegData
Compiling module DATAPATH
Compiling module STALL_CONTROLL
Compiling module FORWARD_CONTROLL
Compiling module CPU
Compiling module Bridge
Compiling module TC
Compiling module mips
Compiling module mips_txt
Compiling module glbl
Time Resolution for simulation is 1ps.
Waiting for 11 sub-compilation(s) to finish...
WARNING:Simulator - Unable to copy libPortabilityNOSH.dll to the simulation executable directory: boost::filesystem::copy_file: 系统找不到指定的路径。, "isim\mips_txt_isim_beh.exe.sim\libPortability.dll".
Compiled 34 Verilog Units
Built simulation executable E:/IMPORTANT_FILE/ISE_FOR_PROJECT/P7/P7_CPU_eret_stall_1228upload/mips_txt_isim_beh.exe
Fuse Memory Usage: 37284 KB
Fuse CPU Usage: 859 ms
