ISim log file
Running: E:\IMPORTANT_FILE\ISE_FOR_PROJECT\P4\P4_CPU\DATAPATH_tb_isim_beh.exe -intstyle ise -gui -tclbatch isim.cmd -wdb E:/IMPORTANT_FILE/ISE_FOR_PROJECT/P4/P4_CPU/DATAPATH_tb_isim_beh.wdb 
ISim P.20131013 (signature 0x7708f090)
This is a Full version of ISim.
Time resolution is 1 ps
# onerror resume
# wave add /
# run 1000 ns
Simulator is doing circuit initialization process.
Finished circuit initialization process.
@00003008: *00000008 <= 00000000
@0000300c: $ 0 <= 00000000
@00003010: $ 0 <= 00000000
@00003014: $ 1 <= 00000000
@00003018: $ 2 <= 00000000
@0000301c: $ 3 <= 00000000
@00003020: $ 1 <= 00000000
@00003024: $ 2 <= 00000000
@00003028: $ 3 <= 00000000
@0000302c: $ 4 <= 00000000
@00003030: $ 5 <= 00000000
@00003034: $28 <= 00000000
@00003038: $ 0 <= 00000000
@0000303c: $ 4 <= 00000000
@00003040: $ 5 <= 00000000
@00003044: $ 7 <= 00000000
@00003048: $ 7 <= 00000000
@0000304c: $ 7 <= 00000000
@00003050: $ 1 <= 00000000
@00003054: $ 4 <= 00000000
@00003058: $ 7 <= 00000000
@0000305c: $28 <= 00000000
@00003060: $ 1 <= 00000000
@00003064: $ 2 <= 00000000
@00003068: $ 7 <= 00000000
@0000306c: $ 6 <= 00000000
@00003070: $ 6 <= 00000000
@00003074: $ 0 <= 00000000
@00003078: $ 0 <= 00000000
@0000307c: $30 <= 00000000
@00003080: $30 <= 00000000
@00003084: $ 0 <= 00000000
@00003088: $ 0 <= 00000000
@0000308c: $ 1 <= 00000000
@00003090: $ 2 <= 00000000
@00003094: $ 3 <= 00000000
@00003098: $ 4 <= 00000000
@0000309c: $ 5 <= 00000000
@000030a0: $ 6 <= 00000000
@000030a4: $ 7 <= 00000000
@000030a8: $ 8 <= 00000000
@000030ac: $ 0 <= 00000000
@000030b0: $ 1 <= 00000000
@000030b4: $ 1 <= 00000000
@000030b8: $ 2 <= 00000000
@000030bc: $ 2 <= 00000000
@000030c0: $ 3 <= 00000000
@000030c4: $ 3 <= 00000000
@000030c8: $28 <= 00000000
@000030cc: $ 1 <= 00000000
@000030d0: $ 4 <= 00000000
@000030d4: $ 4 <= 00000000
@000030d8: $ 3 <= 00000000
@000030dc: $28 <= 00000000
@000030e0: $28 <= 00000000
@000030e4: $28 <= 00000000
@000030e8: $ x <= xxxxxxxx
@000030ec: $ x <= xxxxxxxx
@000030f0: $ x <= xxxxxxxx
@000030f4: $ x <= xxxxxxxx
@000030f8: $ x <= xxxxxxxx
@000030fc: $ x <= xxxxxxxx
@00003100: $ x <= xxxxxxxx
@00003104: $ x <= xxxxxxxx
@00003108: $ x <= xxxxxxxx
@0000310c: $ x <= xxxxxxxx
@00003110: $ x <= xxxxxxxx
@00003114: $ x <= xxxxxxxx
@00003118: $ x <= xxxxxxxx
@0000311c: $ x <= xxxxxxxx
@00003120: $ x <= xxxxxxxx
@00003124: $ x <= xxxxxxxx
@00003128: $ x <= xxxxxxxx
@0000312c: $ x <= xxxxxxxx
@00003130: $ x <= xxxxxxxx
@00003134: $ x <= xxxxxxxx
@00003138: $ x <= xxxxxxxx
@0000313c: $ x <= xxxxxxxx
@00003140: $ x <= xxxxxxxx
@00003144: $ x <= xxxxxxxx
@00003148: $ x <= xxxxxxxx
@0000314c: $ x <= xxxxxxxx
@00003150: $ x <= xxxxxxxx
@00003154: $ x <= xxxxxxxx
@00003158: $ x <= xxxxxxxx
@0000315c: $ x <= xxxxxxxx
@00003160: $ x <= xxxxxxxx
@00003164: $ x <= xxxxxxxx
@00003168: $ x <= xxxxxxxx
@0000316c: $ x <= xxxxxxxx
@00003170: $ x <= xxxxxxxx
@00003174: $ x <= xxxxxxxx
@00003178: $ x <= xxxxxxxx
@0000317c: $ x <= xxxxxxxx
@00003180: $ x <= xxxxxxxx
@00003184: $ x <= xxxxxxxx
