Release 14.7 - xst P.20131013 (nt64)
Copyright (c) 1995-2013 Xilinx, Inc.  All rights reserved.
--> Parameter TMPDIR set to xst/projnav.tmp


Total REAL time to Xst completion: 0.00 secs
Total CPU time to Xst completion: 0.32 secs
 
--> Parameter xsthdpdir set to xst


Total REAL time to Xst completion: 0.00 secs
Total CPU time to Xst completion: 0.32 secs
 
--> Reading design: BlockChecker.prj

TABLE OF CONTENTS
  1) Synthesis Options Summary
  2) HDL Compilation
  3) Design Hierarchy Analysis
  4) HDL Analysis
  5) HDL Synthesis
     5.1) HDL Synthesis Report
  6) Advanced HDL Synthesis
     6.1) Advanced HDL Synthesis Report
  7) Low Level Synthesis
  8) Partition Report
  9) Final Report
	9.1) Device utilization summary
	9.2) Partition Resource Summary
	9.3) TIMING REPORT


=========================================================================
*                      Synthesis Options Summary                        *
=========================================================================
---- Source Parameters
Input File Name                    : "BlockChecker.prj"
Input Format                       : mixed
Ignore Synthesis Constraint File   : NO

---- Target Parameters
Output File Name                   : "BlockChecker"
Output Format                      : NGC
Target Device                      : xa3s50-4-vqg100

---- Source Options
Top Module Name                    : BlockChecker
Automatic FSM Extraction           : YES
FSM Encoding Algorithm             : Auto
Safe Implementation                : No
FSM Style                          : LUT
RAM Extraction                     : Yes
RAM Style                          : Auto
ROM Extraction                     : Yes
Mux Style                          : Auto
Decoder Extraction                 : YES
Priority Encoder Extraction        : Yes
Shift Register Extraction          : YES
Logical Shifter Extraction         : YES
XOR Collapsing                     : YES
ROM Style                          : Auto
Mux Extraction                     : Yes
Resource Sharing                   : YES
Asynchronous To Synchronous        : NO
Multiplier Style                   : Auto
Automatic Register Balancing       : No

---- Target Options
Add IO Buffers                     : YES
Global Maximum Fanout              : 500
Add Generic Clock Buffer(BUFG)     : 8
Register Duplication               : YES
Slice Packing                      : YES
Optimize Instantiated Primitives   : NO
Use Clock Enable                   : Yes
Use Synchronous Set                : Yes
Use Synchronous Reset              : Yes
Pack IO Registers into IOBs        : Auto
Equivalent register Removal        : YES

---- General Options
Optimization Goal                  : Speed
Optimization Effort                : 1
Keep Hierarchy                     : No
Netlist Hierarchy                  : As_Optimized
RTL Output                         : Yes
Global Optimization                : AllClockNets
Read Cores                         : YES
Write Timing Constraints           : NO
Cross Clock Analysis               : NO
Hierarchy Separator                : /
Bus Delimiter                      : <>
Case Specifier                     : Maintain
Slice Utilization Ratio            : 100
BRAM Utilization Ratio             : 100
Verilog 2001                       : YES
Auto BRAM Packing                  : NO
Slice Utilization Ratio Delta      : 5

=========================================================================


=========================================================================
*                          HDL Compilation                              *
=========================================================================
Compiling verilog file "BlockChecker.v" in library work
Module <BlockChecker> compiled
No errors in compilation
Analysis of file <"BlockChecker.prj"> succeeded.
 

=========================================================================
*                     Design Hierarchy Analysis                         *
=========================================================================
Analyzing hierarchy for module <BlockChecker> in library <work> with parameters.
	b0 = "00000000000000000000000000000000"
	b1 = "00000000000000000000000000000001"
	b2 = "00000000000000000000000000000010"
	b3 = "00000000000000000000000000000011"
	b4 = "00000000000000000000000000000100"
	b5 = "00000000000000000000000000000101"
	e0 = "00000000000000000000000000000110"
	e1 = "00000000000000000000000000000111"
	e2 = "00000000000000000000000000001000"
	e3 = "00000000000000000000000000001001"


=========================================================================
*                            HDL Analysis                               *
=========================================================================
Analyzing top module <BlockChecker>.
	b0 = 32'sb00000000000000000000000000000000
	b1 = 32'sb00000000000000000000000000000001
	b2 = 32'sb00000000000000000000000000000010
	b3 = 32'sb00000000000000000000000000000011
	b4 = 32'sb00000000000000000000000000000100
	b5 = 32'sb00000000000000000000000000000101
	e0 = 32'sb00000000000000000000000000000110
	e1 = 32'sb00000000000000000000000000000111
	e2 = 32'sb00000000000000000000000000001000
	e3 = 32'sb00000000000000000000000000001001
	Enabling task <initialization>.
	Enabling task <initialization>.
ERROR:Xst:880 - "BlockChecker.v" line 31: Cannot mix blocking and non blocking assignments on signal <b_count>.
ERROR:Xst:880 - "BlockChecker.v" line 59: Cannot mix blocking and non blocking assignments on signal <e_count>.
ERROR:Xst:880 - "BlockChecker.v" line 31: Cannot mix blocking and non blocking assignments on signal <b_count>.
ERROR:Xst:880 - "BlockChecker.v" line 59: Cannot mix blocking and non blocking assignments on signal <e_count>.
ERROR:Xst:880 - "BlockChecker.v" line 99: Cannot mix blocking and non blocking assignments on signal <b_count>.
ERROR:Xst:880 - "BlockChecker.v" line 100: Cannot mix blocking and non blocking assignments on signal <e_count>.
 
Found 6 error(s). Aborting synthesis.
--> 

Total memory usage is 4498776 kilobytes

Number of errors   :    6 (   0 filtered)
Number of warnings :    0 (   0 filtered)
Number of infos    :    0 (   0 filtered)

