ISim log file
Running: E:\IMPORTANT_FILE\ISE_FOR_PROJECT\P1\P1_L1_BlockChecker\BlockChecker_tb_isim_beh.exe -intstyle ise -gui -tclbatch isim.cmd -wdb E:/IMPORTANT_FILE/ISE_FOR_PROJECT/P1/P1_L1_BlockChecker/BlockChecker_tb_isim_beh.wdb 
ISim P.20131013 (signature 0x7708f090)
This is a Full version of ISim.
Time resolution is 1 ps
# onerror resume
# wave add /
# run 1000 ns
Simulator is doing circuit initialization process.
Finished circuit initialization process.
ISim P.20131013 (signature 0x7708f090)
This is a Full version of ISim.
# run 1000 ns
Simulator is doing circuit initialization process.
Finished circuit initialization process.
ISim P.20131013 (signature 0x7708f090)
This is a Full version of ISim.
# run 1000 ns
Simulator is doing circuit initialization process.
Finished circuit initialization process.
ISim P.20131013 (signature 0x7708f090)
This is a Full version of ISim.
# run 1000 ns
Simulator is doing circuit initialization process.
Finished circuit initialization process.
ISim P.20131013 (signature 0x7708f090)
This is a Full version of ISim.
# run 1000 ns
Simulator is doing circuit initialization process.
Finished circuit initialization process.
ISim P.20131013 (signature 0x7708f090)
This is a Full version of ISim.
# run 1000 ns
Simulator is doing circuit initialization process.
Finished circuit initialization process.
ISim P.20131013 (signature 0x7708f090)
This is a Full version of ISim.
# run 1000 ns
Simulator is doing circuit initialization process.
Finished circuit initialization process.
ISim P.20131013 (signature 0x7708f090)
This is a Full version of ISim.
# run 1000 ns
Simulator is doing circuit initialization process.
Finished circuit initialization process.
ISim P.20131013 (signature 0x7708f090)
This is a Full version of ISim.
# run 1000 ns
Simulator is doing circuit initialization process.
Finished circuit initialization process.
ISim P.20131013 (signature 0x7708f090)
This is a Full version of ISim.
# run 1000 ns
Simulator is doing circuit initialization process.
Finished circuit initialization process.
ISim P.20131013 (signature 0x7708f090)
This is a Full version of ISim.
# run 1000 ns
Simulator is doing circuit initialization process.
Finished circuit initialization process.
ISim P.20131013 (signature 0x7708f090)
This is a Full version of ISim.
# run 1000 ns
Simulator is doing circuit initialization process.
Finished circuit initialization process.
# restart
# run all
Simulator is doing circuit initialization process.
Finished circuit initialization process.
Stopped at time : 430 ns : File "E:/IMPORTANT_FILE/ISE_FOR_PROJECT/P1/P1_L1_BlockChecker/BlockChecker_tb.v" Line 65
# run all
Stopped at time : 440 ns : File "E:/IMPORTANT_FILE/ISE_FOR_PROJECT/P1/P1_L1_BlockChecker/BlockChecker_tb.v" Line 65
# run all
Stopped at time : 440 ns : File "E:/IMPORTANT_FILE/ISE_FOR_PROJECT/P1/P1_L1_BlockChecker/BlockChecker_tb.v" Line 66
# run all
Stopped at time : 450 ns : File "E:/IMPORTANT_FILE/ISE_FOR_PROJECT/P1/P1_L1_BlockChecker/BlockChecker_tb.v" Line 66
# run all
Stopped at time : 450 ns : File "E:/IMPORTANT_FILE/ISE_FOR_PROJECT/P1/P1_L1_BlockChecker/BlockChecker_tb.v" Line 67
# run all
Stopped at time : 460 ns : File "E:/IMPORTANT_FILE/ISE_FOR_PROJECT/P1/P1_L1_BlockChecker/BlockChecker_tb.v" Line 67
ISim P.20131013 (signature 0x7708f090)
This is a Full version of ISim.
# run 1000 ns
Simulator is doing circuit initialization process.
Finished circuit initialization process.
Stopped at time : 105 ns : File "E:/IMPORTANT_FILE/ISE_FOR_PROJECT/P1/P1_L1_BlockChecker/BlockChecker.v" Line 80
# restart
# run all
Simulator is doing circuit initialization process.
Finished circuit initialization process.
Stopped at time : 105 ns : File "E:/IMPORTANT_FILE/ISE_FOR_PROJECT/P1/P1_L1_BlockChecker/BlockChecker.v" Line 80
# restart
# run all
Simulator is doing circuit initialization process.
Finished circuit initialization process.
Stopped at time : 105 ns : File "E:/IMPORTANT_FILE/ISE_FOR_PROJECT/P1/P1_L1_BlockChecker/BlockChecker.v" Line 80
# restart
ISim P.20131013 (signature 0x7708f090)
This is a Full version of ISim.
# run 1000 ns
Simulator is doing circuit initialization process.
Finished circuit initialization process.
